This is pdfTeX, Version 3.1415926-1.40.10 (MiKTeX 2.8) (preloaded format=pdftex 2013.7.2)  2 JUL 2013 18:41
entering extended mode
**C:/MojeData/Škola/DP/Dokument/bakalarka.bib
(C:/MojeData/Škola/DP/Dokument/bakalarka.bib
Overfull \hbox (20.9117pt too wide) in paragraph at lines 19--27
[]\tenrm @manualaccount, au-thor="", or-ga-ni-za-tion="Sun Mi-crosys-tems", ti-
tle="JXTA Javadoc", url="https://jxta-|

\hbox(7.5+2.5)x469.75499, glue set - 1.0
.\hbox(0.0+0.0)x20.0
.\tenrm @
.\tenrm m
.\tenrm a
.\tenrm n
.etc.

)
*
(Please type a command or say `\end')
*
(Please type a command or say `\end')
*
(Please type a command or say `\end')
*
(Please type a command or say `\end')
*end

*
(Please type a command or say `\end')
*/end

*\end
[1{C:/Users/Fuzy/AppData/Local/MiKTeX/2.8/pdftex/config/pdftex.map}]<C:/Program
 Files/MikTex/fonts/type1/public/amsfonts/cm/cmr10.pfb>
Output written on bakalarka.pdf (1 page, 19226 bytes).
PDF statistics:
 10 PDF objects out of 1000 (max. 8388607)
 0 named destinations out of 1000 (max. 500000)
 1 words of extra memory for PDF output out of 10000 (max. 10000000)

