This is pdfTeX, Version 3.1415926-1.40.10 (MiKTeX 2.8) (preloaded format=pdflatex 2013.4.14)  5 JUL 2013 11:44
entering extended mode
**C:/MojeData/äkola/DP/Dokument/diplomka.tex
(C:/MojeData/äkola/DP/Dokument/diplomka.tex
LaTeX2e <2011/06/27>
Babel <v3.8m> and hyphenation patterns for czech, loaded.
(C:\MojeData\äkola\DP\Dokument\diplomka.cls

LaTeX Warning: You have requested document class `diplomka',
               but the document class provides `bakalarka'.

Document Class: bakalarka 2005/09/16 v1.4f Standard LaTeX document class
("C:\Program Files\MikTex\tex\latex\base\size12.clo"
File: size12.clo 2007/10/19 v1.4h Standard LaTeX file (size option)
)
\c@part=\count79
\c@chapter=\count80
\c@section=\count81
\c@subsection=\count82
\c@subsubsection=\count83
\c@paragraph=\count84
\c@subparagraph=\count85
\c@figure=\count86
\c@table=\count87
\abovecaptionskip=\skip41
\belowcaptionskip=\skip42
\bibindent=\dimen102
)
("C:\Program Files\MikTex\tex\latex\listings\listings.sty"
("C:\Program Files\MikTex\tex\latex\graphics\keyval.sty"
Package: keyval 1999/03/16 v1.13 key=value parser (DPC)
\KV@toks@=\toks14
)
\lst@mode=\count88
\lst@gtempboxa=\box26
\lst@token=\toks15
\lst@length=\count89
\lst@currlwidth=\dimen103
\lst@column=\count90
\lst@pos=\count91
\lst@lostspace=\dimen104
\lst@width=\dimen105
\lst@newlines=\count92
\lst@lineno=\count93
\lst@maxwidth=\dimen106

("C:\Program Files\MikTex\tex\latex\listings\lstmisc.sty"
File: lstmisc.sty 2007/02/22 1.4 (Carsten Heinz)
\c@lstnumber=\count94
\lst@skipnumbers=\count95
\lst@framebox=\box27
)
("C:\Program Files\MikTex\tex\latex\listings\listings.cfg"
File: listings.cfg 2007/02/22 1.4 listings configuration
))
Package: listings 2007/02/22 1.4 (Carsten Heinz)

("C:\Program Files\MikTex\tex\latex\base\inputenc.sty"
Package: inputenc 2008/03/30 v1.1d Input encoding file
\inpenc@prehook=\toks16
\inpenc@posthook=\toks17

("C:\Program Files\MikTex\tex\latex\base\utf8.def"
File: utf8.def 2008/04/05 v1.1m UTF-8 support for inputenc
Now handling font encoding OML ...
... no UTF-8 mapping file for font encoding OML
Now handling font encoding T1 ...
... processing UTF-8 mapping file for font encoding T1

("C:\Program Files\MikTex\tex\latex\base\t1enc.dfu"
File: t1enc.dfu 2008/04/05 v1.1m UTF-8 support for inputenc
   defining Unicode char U+00A1 (decimal 161)
   defining Unicode char U+00A3 (decimal 163)
   defining Unicode char U+00AB (decimal 171)
   defining Unicode char U+00BB (decimal 187)
   defining Unicode char U+00BF (decimal 191)
   defining Unicode char U+00C0 (decimal 192)
   defining Unicode char U+00C1 (decimal 193)
   defining Unicode char U+00C2 (decimal 194)
   defining Unicode char U+00C3 (decimal 195)
   defining Unicode char U+00C4 (decimal 196)
   defining Unicode char U+00C5 (decimal 197)
   defining Unicode char U+00C6 (decimal 198)
   defining Unicode char U+00C7 (decimal 199)
   defining Unicode char U+00C8 (decimal 200)
   defining Unicode char U+00C9 (decimal 201)
   defining Unicode char U+00CA (decimal 202)
   defining Unicode char U+00CB (decimal 203)
   defining Unicode char U+00CC (decimal 204)
   defining Unicode char U+00CD (decimal 205)
   defining Unicode char U+00CE (decimal 206)
   defining Unicode char U+00CF (decimal 207)
   defining Unicode char U+00D0 (decimal 208)
   defining Unicode char U+00D1 (decimal 209)
   defining Unicode char U+00D2 (decimal 210)
   defining Unicode char U+00D3 (decimal 211)
   defining Unicode char U+00D4 (decimal 212)
   defining Unicode char U+00D5 (decimal 213)
   defining Unicode char U+00D6 (decimal 214)
   defining Unicode char U+00D8 (decimal 216)
   defining Unicode char U+00D9 (decimal 217)
   defining Unicode char U+00DA (decimal 218)
   defining Unicode char U+00DB (decimal 219)
   defining Unicode char U+00DC (decimal 220)
   defining Unicode char U+00DD (decimal 221)
   defining Unicode char U+00DE (decimal 222)
   defining Unicode char U+00DF (decimal 223)
   defining Unicode char U+00E0 (decimal 224)
   defining Unicode char U+00E1 (decimal 225)
   defining Unicode char U+00E2 (decimal 226)
   defining Unicode char U+00E3 (decimal 227)
   defining Unicode char U+00E4 (decimal 228)
   defining Unicode char U+00E5 (decimal 229)
   defining Unicode char U+00E6 (decimal 230)
   defining Unicode char U+00E7 (decimal 231)
   defining Unicode char U+00E8 (decimal 232)
   defining Unicode char U+00E9 (decimal 233)
   defining Unicode char U+00EA (decimal 234)
   defining Unicode char U+00EB (decimal 235)
   defining Unicode char U+00EC (decimal 236)
   defining Unicode char U+00ED (decimal 237)
   defining Unicode char U+00EE (decimal 238)
   defining Unicode char U+00EF (decimal 239)
   defining Unicode char U+00F0 (decimal 240)
   defining Unicode char U+00F1 (decimal 241)
   defining Unicode char U+00F2 (decimal 242)
   defining Unicode char U+00F3 (decimal 243)
   defining Unicode char U+00F4 (decimal 244)
   defining Unicode char U+00F5 (decimal 245)
   defining Unicode char U+00F6 (decimal 246)
   defining Unicode char U+00F8 (decimal 248)
   defining Unicode char U+00F9 (decimal 249)
   defining Unicode char U+00FA (decimal 250)
   defining Unicode char U+00FB (decimal 251)
   defining Unicode char U+00FC (decimal 252)
   defining Unicode char U+00FD (decimal 253)
   defining Unicode char U+00FE (decimal 254)
   defining Unicode char U+00FF (decimal 255)
   defining Unicode char U+0102 (decimal 258)
   defining Unicode char U+0103 (decimal 259)
   defining Unicode char U+0104 (decimal 260)
   defining Unicode char U+0105 (decimal 261)
   defining Unicode char U+0106 (decimal 262)
   defining Unicode char U+0107 (decimal 263)
   defining Unicode char U+010C (decimal 268)
   defining Unicode char U+010D (decimal 269)
   defining Unicode char U+010E (decimal 270)
   defining Unicode char U+010F (decimal 271)
   defining Unicode char U+0110 (decimal 272)
   defining Unicode char U+0111 (decimal 273)
   defining Unicode char U+0118 (decimal 280)
   defining Unicode char U+0119 (decimal 281)
   defining Unicode char U+011A (decimal 282)
   defining Unicode char U+011B (decimal 283)
   defining Unicode char U+011E (decimal 286)
   defining Unicode char U+011F (decimal 287)
   defining Unicode char U+0130 (decimal 304)
   defining Unicode char U+0131 (decimal 305)
   defining Unicode char U+0132 (decimal 306)
   defining Unicode char U+0133 (decimal 307)
   defining Unicode char U+0139 (decimal 313)
   defining Unicode char U+013A (decimal 314)
   defining Unicode char U+013D (decimal 317)
   defining Unicode char U+013E (decimal 318)
   defining Unicode char U+0141 (decimal 321)
   defining Unicode char U+0142 (decimal 322)
   defining Unicode char U+0143 (decimal 323)
   defining Unicode char U+0144 (decimal 324)
   defining Unicode char U+0147 (decimal 327)
   defining Unicode char U+0148 (decimal 328)
   defining Unicode char U+014A (decimal 330)
   defining Unicode char U+014B (decimal 331)
   defining Unicode char U+0150 (decimal 336)
   defining Unicode char U+0151 (decimal 337)
   defining Unicode char U+0152 (decimal 338)
   defining Unicode char U+0153 (decimal 339)
   defining Unicode char U+0154 (decimal 340)
   defining Unicode char U+0155 (decimal 341)
   defining Unicode char U+0158 (decimal 344)
   defining Unicode char U+0159 (decimal 345)
   defining Unicode char U+015A (decimal 346)
   defining Unicode char U+015B (decimal 347)
   defining Unicode char U+015E (decimal 350)
   defining Unicode char U+015F (decimal 351)
   defining Unicode char U+0160 (decimal 352)
   defining Unicode char U+0161 (decimal 353)
   defining Unicode char U+0162 (decimal 354)
   defining Unicode char U+0163 (decimal 355)
   defining Unicode char U+0164 (decimal 356)
   defining Unicode char U+0165 (decimal 357)
   defining Unicode char U+016E (decimal 366)
   defining Unicode char U+016F (decimal 367)
   defining Unicode char U+0170 (decimal 368)
   defining Unicode char U+0171 (decimal 369)
   defining Unicode char U+0178 (decimal 376)
   defining Unicode char U+0179 (decimal 377)
   defining Unicode char U+017A (decimal 378)
   defining Unicode char U+017B (decimal 379)
   defining Unicode char U+017C (decimal 380)
   defining Unicode char U+017D (decimal 381)
   defining Unicode char U+017E (decimal 382)
   defining Unicode char U+200C (decimal 8204)
   defining Unicode char U+2013 (decimal 8211)
   defining Unicode char U+2014 (decimal 8212)
   defining Unicode char U+2018 (decimal 8216)
   defining Unicode char U+2019 (decimal 8217)
   defining Unicode char U+201A (decimal 8218)
   defining Unicode char U+201C (decimal 8220)
   defining Unicode char U+201D (decimal 8221)
   defining Unicode char U+201E (decimal 8222)
   defining Unicode char U+2030 (decimal 8240)
   defining Unicode char U+2031 (decimal 8241)
   defining Unicode char U+2039 (decimal 8249)
   defining Unicode char U+203A (decimal 8250)
   defining Unicode char U+2423 (decimal 9251)
)
Now handling font encoding OT1 ...
... processing UTF-8 mapping file for font encoding OT1

("C:\Program Files\MikTex\tex\latex\base\ot1enc.dfu"
File: ot1enc.dfu 2008/04/05 v1.1m UTF-8 support for inputenc
   defining Unicode char U+00A1 (decimal 161)
   defining Unicode char U+00A3 (decimal 163)
   defining Unicode char U+00B8 (decimal 184)
   defining Unicode char U+00BF (decimal 191)
   defining Unicode char U+00C5 (decimal 197)
   defining Unicode char U+00C6 (decimal 198)
   defining Unicode char U+00D8 (decimal 216)
   defining Unicode char U+00DF (decimal 223)
   defining Unicode char U+00E6 (decimal 230)
   defining Unicode char U+00EC (decimal 236)
   defining Unicode char U+00ED (decimal 237)
   defining Unicode char U+00EE (decimal 238)
   defining Unicode char U+00EF (decimal 239)
   defining Unicode char U+00F8 (decimal 248)
   defining Unicode char U+0131 (decimal 305)
   defining Unicode char U+0141 (decimal 321)
   defining Unicode char U+0142 (decimal 322)
   defining Unicode char U+0152 (decimal 338)
   defining Unicode char U+0153 (decimal 339)
   defining Unicode char U+2013 (decimal 8211)
   defining Unicode char U+2014 (decimal 8212)
   defining Unicode char U+2018 (decimal 8216)
   defining Unicode char U+2019 (decimal 8217)
   defining Unicode char U+201C (decimal 8220)
   defining Unicode char U+201D (decimal 8221)
)
Now handling font encoding OMS ...
... processing UTF-8 mapping file for font encoding OMS

("C:\Program Files\MikTex\tex\latex\base\omsenc.dfu"
File: omsenc.dfu 2008/04/05 v1.1m UTF-8 support for inputenc
   defining Unicode char U+00A7 (decimal 167)
   defining Unicode char U+00B6 (decimal 182)
   defining Unicode char U+00B7 (decimal 183)
   defining Unicode char U+2020 (decimal 8224)
   defining Unicode char U+2021 (decimal 8225)
   defining Unicode char U+2022 (decimal 8226)
)
Now handling font encoding OMX ...
... no UTF-8 mapping file for font encoding OMX
Now handling font encoding U ...
... no UTF-8 mapping file for font encoding U
   defining Unicode char U+00A9 (decimal 169)
   defining Unicode char U+00AA (decimal 170)
   defining Unicode char U+00AE (decimal 174)
   defining Unicode char U+00BA (decimal 186)
   defining Unicode char U+02C6 (decimal 710)
   defining Unicode char U+02DC (decimal 732)
   defining Unicode char U+200C (decimal 8204)
   defining Unicode char U+2026 (decimal 8230)
   defining Unicode char U+2122 (decimal 8482)
   defining Unicode char U+2423 (decimal 9251)
))
("C:\Program Files\MikTex\tex\generic\babel\babel.sty"
Package: babel 2008/07/08 v3.8m The Babel package

*************************************
* Local config file bblopts.cfg used
*
("C:\Program Files\MikTex\tex\latex\00miktex\bblopts.cfg"
File: bblopts.cfg 2006/07/31 v1.0 MiKTeX 'babel' configuration
)
("C:\Program Files\MikTex\tex\generic\babel\czech.ldf"
Language: czech 2008/07/06 v3.1a Czech support from the babel system

("C:\Program Files\MikTex\tex\generic\babel\babel.def"
File: babel.def 2008/07/08 v3.8m Babel common definitions
\babel@savecnt=\count96
\U@D=\dimen107
)
Package babel Info: Making " an active character on input line 172.
\cs@wordlen=\count97
Package babel Info: Making - an active character on input line 226.
))
("C:\Program Files\MikTex\tex\latex\ae\ae.sty"
Package: ae 2001/02/12 1.3 Almost European Computer Modern

("C:\Program Files\MikTex\tex\latex\base\fontenc.sty"
Package: fontenc 2005/09/27 v1.99g Standard LaTeX package

("C:\Program Files\MikTex\tex\latex\base\t1enc.def"
File: t1enc.def 2005/09/27 v1.99g Standard LaTeX file
LaTeX Font Info:    Redeclaring font encoding T1 on input line 43.
)
LaTeX Font Info:    Try loading font information for T1+aer on input line 100.

("C:\Program Files\MikTex\tex\latex\ae\t1aer.fd"
File: t1aer.fd 1997/11/16 Font definitions for T1/aer.
)))
("C:\Program Files\MikTex\tex\latex\fancyhdr\fancyhdr.sty"
\fancy@headwidth=\skip43
\f@ncyO@elh=\skip44
\f@ncyO@erh=\skip45
\f@ncyO@olh=\skip46
\f@ncyO@orh=\skip47
\f@ncyO@elf=\skip48
\f@ncyO@erf=\skip49
\f@ncyO@olf=\skip50
\f@ncyO@orf=\skip51
)
("C:\Program Files\MikTex\tex\latex\float\float.sty"
Package: float 2001/11/08 v1.3d Float enhancements (AL)
\c@float@type=\count98
\float@exts=\toks18
\float@box=\box28
\@float@everytoks=\toks19
\@floatcapt=\box29
)
("C:\Program Files\MikTex\tex\latex\graphics\graphicx.sty"
Package: graphicx 1999/02/16 v1.0f Enhanced LaTeX Graphics (DPC,SPQR)

("C:\Program Files\MikTex\tex\latex\graphics\graphics.sty"
Package: graphics 2009/02/05 v1.0o Standard LaTeX Graphics (DPC,SPQR)

("C:\Program Files\MikTex\tex\latex\graphics\trig.sty"
Package: trig 1999/03/16 v1.09 sin cos tan (DPC)
)
("C:\Program Files\MikTex\tex\latex\00miktex\graphics.cfg"
File: graphics.cfg 2007/01/18 v1.5 graphics configuration of teTeX/TeXLive
)
Package graphics Info: Driver file: pdftex.def on input line 91.

("C:\Program Files\MikTex\tex\latex\pdftex-def\pdftex.def"
File: pdftex.def 2011/05/27 v0.06d Graphics/color for pdfTeX

("C:\Program Files\MikTex\tex\generic\oberdiek\infwarerr.sty"
Package: infwarerr 2010/04/08 v1.3 Providing info/warning/message (HO)
)
("C:\Program Files\MikTex\tex\generic\oberdiek\ltxcmds.sty"
Package: ltxcmds 2011/04/18 v1.20 LaTeX kernel commands for general use (HO)
)
\Gread@gobject=\count99
))
\Gin@req@height=\dimen108
\Gin@req@width=\dimen109
)
("C:\Program Files\MikTex\tex\latex\multirow\multirow.sty"
\bigstrutjot=\dimen110
)
("C:\Program Files\MikTex\tex\latex\graphics\color.sty"
Package: color 2005/11/14 v1.0j Standard LaTeX Color (DPC)

("C:\Program Files\MikTex\tex\latex\00miktex\color.cfg"
File: color.cfg 2007/01/18 v1.5 color configuration of teTeX/TeXLive
)
Package color Info: Driver file: pdftex.def on input line 130.
)
("C:\Program Files\MikTex\tex\latex\colortbl\colortbl.sty"
Package: colortbl 2001/02/13 v0.1j Color table columns (DPC)

("C:\Program Files\MikTex\tex\latex\tools\array.sty"
Package: array 2008/09/09 v2.4c Tabular extension package (FMi)
\col@sep=\dimen111
\extrarowheight=\dimen112
\NC@list=\toks20
\extratabsurround=\skip52
\backup@length=\skip53
)
\everycr=\toks21
\minrowclearance=\skip54
)
("C:\Program Files\MikTex\tex\latex\enumitem\enumitem.sty"
Package: enumitem 2011/09/28 v3.5.2 Customized lists
\labelindent=\skip55
\enit@outerparindent=\dimen113
\enit@toks=\toks22
\enit@inbox=\box30
\enitdp@description=\count100
)
("C:\Program Files\MikTex\tex\latex\caption\caption.sty"
Package: caption 2012/02/19 v3.2f Customizing captions (AR)

("C:\Program Files\MikTex\tex\latex\caption\caption3.sty"
Package: caption3 2012/01/12 v1.4b caption3 kernel (AR)
\captionmargin=\dimen114
\captionmargin@=\dimen115
\captionwidth=\dimen116
\caption@indent=\dimen117
\caption@parindent=\dimen118
\caption@hangindent=\dimen119
)
\c@ContinuedFloat=\count101
Package caption Info: float package is loaded.
Package caption Info: listings package is loaded.
)
("C:\Program Files\MikTex\tex\latex\caption\subcaption.sty"
Package: subcaption 2012/01/12 v1.1d Sub-captions (AR)
\c@subfigure=\count102
\c@subtable=\count103
)
("C:\Program Files\MikTex\tex\latex\listings\lstlang1.sty"
File: lstlang1.sty 2004/09/05 1.3 listings language file
)
(C:\MojeData\äkola\DP\Dokument\diplomka.aux

LaTeX Warning: Label `obr:arch' multiply defined.


LaTeX Warning: Label `' multiply defined.


LaTeX Warning: Label `' multiply defined.


LaTeX Warning: Label `' multiply defined.

)
LaTeX Font Info:    Checking defaults for OML/cmm/m/it on input line 32.
LaTeX Font Info:    ... okay on input line 32.
LaTeX Font Info:    Checking defaults for T1/cmr/m/n on input line 32.
LaTeX Font Info:    ... okay on input line 32.
LaTeX Font Info:    Checking defaults for OT1/cmr/m/n on input line 32.
LaTeX Font Info:    ... okay on input line 32.
LaTeX Font Info:    Checking defaults for OMS/cmsy/m/n on input line 32.
LaTeX Font Info:    ... okay on input line 32.
LaTeX Font Info:    Checking defaults for OMX/cmex/m/n on input line 32.
LaTeX Font Info:    ... okay on input line 32.
LaTeX Font Info:    Checking defaults for U/cmr/m/n on input line 32.
LaTeX Font Info:    ... okay on input line 32.
\c@lstlisting=\count104
 ("C:\Program Files\MikTex\tex\context\base\supp-pdf.mkii"
[Loading MPS to PDF converter (version 2006.09.02).]
\scratchcounter=\count105
\scratchdimen=\dimen120
\scratchbox=\box31
\nofMPsegments=\count106
\nofMParguments=\count107
\everyMPshowfont=\toks23
\MPscratchCnt=\count108
\MPscratchDim=\dimen121
\MPnumerator=\count109
\makeMPintoPDFobject=\count110
\everyMPtoPDFconversion=\toks24
)
Package caption Info: Begin \AtBeginDocument code.
Package caption Info: End \AtBeginDocument code.
LaTeX Font Info:    Calculating math sizes for size <16> on input line 39.


LaTeX Font Warning: Font shape `OT1/cmr/m/n' in size <16> not available
(Font)              size <17.28> substituted on input line 39.


LaTeX Font Warning: Font shape `OML/cmm/m/it' in size <16> not available
(Font)              size <17.28> substituted on input line 39.


LaTeX Font Warning: Font shape `OMS/cmsy/m/n' in size <16> not available
(Font)              size <17.28> substituted on input line 39.

LaTeX Font Info:    External font `cmex10' loaded for size
(Font)              <16> on input line 39.
LaTeX Font Info:    External font `cmex10' loaded for size
(Font)              <11.19995> on input line 39.
LaTeX Font Info:    External font `cmex10' loaded for size
(Font)              <8> on input line 39.
[1

{C:/Users/Fuzy/AppData/Local/MiKTeX/2.8/pdftex/config/pdftex.map}] [1

]
[2

] (C:\MojeData\äkola\DP\Dokument\diplomka.toc
LaTeX Font Info:    External font `cmex10' loaded for size
(Font)              <12> on input line 4.
LaTeX Font Info:    External font `cmex10' loaded for size
(Font)              <6> on input line 4.
 [3

] [4])
\tf@toc=\write3
 [5]
Kapitola 1.
[1

]
Kapitola 2.


pdfTeX warning: pdflatex (file C:/MojeData/äkola/DP/Dokument/visio/attnormal.pd
f): PDF inclusion: found PDF version <1.5>, but at most version <1.4> allowed
<visio/attnormal.pdf, id=27, 569.87906pt x 171.64125pt>
File: visio/attnormal.pdf Graphic file (type pdf)

<use visio/attnormal.pdf>
Package pdftex.def Info: visio/attnormal.pdf used on input line 75.
(pdftex.def)             Requested size: 398.91261pt x 120.14804pt.

Overfull \hbox (8.91261pt too wide) in paragraph at lines 75--76
 [][] 
 []



pdfTeX warning: pdflatex (file C:/MojeData/äkola/DP/Dokument/visio/attservice.p
df): PDF inclusion: found PDF version <1.5>, but at most version <1.4> allowed
<visio/attservice.pdf, id=29, 569.87906pt x 171.64125pt>
File: visio/attservice.pdf Graphic file (type pdf)

<use visio/attservice.pdf>
Package pdftex.def Info: visio/attservice.pdf used on input line 83.
(pdftex.def)             Requested size: 398.91261pt x 120.14804pt.

Overfull \hbox (8.91261pt too wide) in paragraph at lines 83--84
 [][] 
 []

[2

 <C:/MojeData/äkola/DP/Dokument/visio/attnormal.pdf>]

Package Fancyhdr Warning: \headheight is too small (12.0pt): 
 Make it at least 14.49998pt.
 We now make it that large for the rest of the document.
 This may cause the page layout to be inconsistent, however.

[3 <C:/MojeData/äkola/DP/Dokument/visio/attservice.pdf>] [4]

pdfTeX warning: pdflatex (file C:/MojeData/äkola/DP/Dokument/visio/arch.pdf): P
DF inclusion: found PDF version <1.5>, but at most version <1.4> allowed
<visio/arch.pdf, id=105, 486.31688pt x 257.46187pt>
File: visio/arch.pdf Graphic file (type pdf)
 <use visio/arch.pdf>
Package pdftex.def Info: visio/arch.pdf used on input line 114.
(pdftex.def)             Requested size: 340.4195pt x 180.22206pt.
LaTeX Font Info:    Try loading font information for OMS+aer on input line 120.


("C:\Program Files\MikTex\tex\latex\ae\omsaer.fd"
File: omsaer.fd 1999/12/27
)
LaTeX Font Info:    Font shape `OMS/aer/m/n' in size <12> not available
(Font)              Font shape `OMS/cmsy/m/n' tried instead on input line 120.
 [5 <C:/MojeData/äkola/DP/Dokument/visio/arch.pdf>]
Overfull \hbox (6.10272pt too wide) in paragraph at lines 143--145
\T1/aer/m/n/12 Ta-kov˝ vztah p∞ed-sta-vuje re-laci 1:N da-ta-b·-zo-v˝ch ta-bu-l
ek. Oracle Forms
 []

[6]
Overfull \hbox (0.4533pt too wide) in paragraph at lines 157--158
 \T1/aer/bx/n/12 Mo-dul knihovny ob-jekt∑[] \T1/aer/m/n/12 Mo-dul ob-sa-huje zn
ovu vy-u-∫i-telnÈ ob-jekty. êe≤Ì
 []

<obr/forms_arch3.png, id=127, 149.8097pt x 374.14781pt>
File: obr/forms_arch3.png Graphic file (type png)

<use obr/forms_arch3.png>
Package pdftex.def Info: obr/forms_arch3.png used on input line 161.
(pdftex.def)             Requested size: 119.8479pt x 299.31863pt.
 [7 <C:/MojeData/äkola/DP/Dokument/obr/forms_arch3.png>] [8] <obr/window.png, i
d=137, 252.945pt x 237.88875pt>
File: obr/window.png Graphic file (type png)
 <use obr/window.png>
Package pdftex.def Info: obr/window.png used on input line 185.
(pdftex.def)             Requested size: 202.35626pt x 190.31123pt.

[9 <C:/MojeData/äkola/DP/Dokument/obr/window.png>]
<obr/BD27.png, id=142, 604.50844pt x 373.395pt>
File: obr/BD27.png Graphic file (type png)
 <use obr/BD27.png>
Package pdftex.def Info: obr/BD27.png used on input line 201.
(pdftex.def)             Requested size: 423.15302pt x 261.37471pt.

Overfull \hbox (33.15302pt too wide) in paragraph at lines 201--203
 [][] 
 []

[10 <C:/MojeData/äkola/DP/Dokument/obr/BD27.png (PNG copy)>]
<obr/VX42.png, id=146, 602.25pt x 372.64218pt>
File: obr/VX42.png Graphic file (type png)
 <use obr/VX42.png>
Package pdftex.def Info: obr/VX42.png used on input line 225.
(pdftex.def)             Requested size: 421.57211pt x 260.84775pt.

Overfull \hbox (31.57211pt too wide) in paragraph at lines 225--227
 [][] 
 []

[11 <C:/MojeData/äkola/DP/Dokument/obr/VX42.png (PNG copy)>]
Kapitola 3.

Overfull \hbox (4.61766pt too wide) in paragraph at lines 261--265
\T1/aer/m/n/12 spr·vu za-∞Ì-zenÌ nut-nou k syn-chro-ni-zaci. Tento kli-ent je d
o-stupn˝ pro platfromy
 []


Overfull \hbox (138.42766pt too wide) in paragraph at lines 261--265
\T1/aer/m/n/12 Java, An-droid, Blac-kberry, Win-dows a Li-nux. (http://www.orac
le.com/technetwork/products/database-
 []

[12

]

pdfTeX warning: pdflatex (file C:/MojeData/äkola/DP/Dokument/obr/souc_arch2.pdf
): PDF inclusion: found PDF version <1.5>, but at most version <1.4> allowed
<obr/souc_arch2.pdf, id=153, 512.66531pt x 228.10219pt>
File: obr/souc_arch2.pdf Graphic file (type pdf)

<use obr/souc_arch2.pdf>
Package pdftex.def Info: obr/souc_arch2.pdf used on input line 272.
(pdftex.def)             Requested size: 410.1328pt x 182.48198pt.

Overfull \hbox (20.1328pt too wide) in paragraph at lines 272--273
 [][] 
 []

[13 <C:/MojeData/äkola/DP/Dokument/obr/souc_arch2.pdf>]

pdfTeX warning: pdflatex (file C:/MojeData/äkola/DP/Dokument/visio/object.pdf):
 PDF inclusion: found PDF version <1.5>, but at most version <1.4> allowed
<visio/object.pdf, id=172, 598.48593pt x 285.31593pt>
File: visio/object.pdf Graphic file (type pdf)
 <use visio/object.pdf>
Package pdftex.def Info: visio/object.pdf used on input line 301.
(pdftex.def)             Requested size: 418.93729pt x 199.71979pt.

Overfull \hbox (28.93729pt too wide) in paragraph at lines 301--302
 [][] 
 []

[14] [15 <C:/MojeData/äkola/DP/Dokument/visio/object.pdf>]
Overfull \hbox (27.26987pt too wide) in paragraph at lines 322--323
[]\T1/aer/bx/n/12 TEXT \T1/aer/m/n/12 podle ISO8601 normy ve for-m·tu "YYYY-MM-
DD HH:MM:SS.SSS". 
 []


Overfull \hbox (44.33234pt too wide) in paragraph at lines 339--346
 [][] 
 []

[16]

pdfTeX warning: pdflatex (file C:/MojeData/äkola/DP/Dokument/visio/sync.pdf): P
DF inclusion: found PDF version <1.5>, but at most version <1.4> allowed
<visio/sync.pdf, id=195, 512.66531pt x 370.38374pt>
File: visio/sync.pdf Graphic file (type pdf)
 <use visio/sync.pdf>
Package pdftex.def Info: visio/sync.pdf used on input line 379.
(pdftex.def)             Requested size: 358.86327pt x 259.26685pt.

[17] [18 <C:/MojeData/äkola/DP/Dokument/visio/sync.pdf>]

pdfTeX warning: pdflatex (file C:/MojeData/äkola/DP/Dokument/visio/syncup.pdf):
 PDF inclusion: found PDF version <1.5>, but at most version <1.4> allowed
<visio/syncup.pdf, id=223, 598.48593pt x 484.81125pt>
File: visio/syncup.pdf Graphic file (type pdf)
 <use visio/syncup.pdf>
Package pdftex.def Info: visio/syncup.pdf used on input line 388.
(pdftex.def)             Requested size: 418.93729pt x 339.36555pt.

Overfull \hbox (28.93729pt too wide) in paragraph at lines 388--389
 [][] 
 []

[19 <C:/MojeData/äkola/DP/Dokument/visio/syncup.pdf>]

pdfTeX warning: pdflatex (file C:/MojeData/äkola/DP/Dokument/visio/syncdown.pdf
): PDF inclusion: found PDF version <1.5>, but at most version <1.4> allowed
<visio/syncdown.pdf, id=242, 456.20438pt x 171.64125pt>
File: visio/syncdown.pdf Graphic file (type pdf)

<use visio/syncdown.pdf>
Package pdftex.def Info: visio/syncdown.pdf used on input line 396.
(pdftex.def)             Requested size: 319.34087pt x 120.14804pt.
 [20 <C:/MojeData/äkola/DP/Dokument/visio/syncdown.pdf>] [21]
Kapitola 4.
[22

] [23]

pdfTeX warning: pdflatex (file C:/MojeData/äkola/DP/Dokument/visio/auth.pdf): P
DF inclusion: found PDF version <1.5>, but at most version <1.4> allowed
<visio/auth.pdf, id=269, 456.20438pt x 313.9228pt>
File: visio/auth.pdf Graphic file (type pdf)
 <use visio/auth.pdf>
Package pdftex.def Info: visio/auth.pdf used on input line 451.
(pdftex.def)             Requested size: 364.96399pt x 251.13857pt.


pdfTeX warning: pdflatex (file C:/MojeData/äkola/DP/Dokument/visio/auth_ldap.pd
f): PDF inclusion: found PDF version <1.5>, but at most version <1.4> allowed
<visio/auth_ldap.pdf, id=271, 456.20438pt x 313.9228pt>
File: visio/auth_ldap.pdf Graphic file (type pdf)

<use visio/auth_ldap.pdf>
Package pdftex.def Info: visio/auth_ldap.pdf used on input line 460.
(pdftex.def)             Requested size: 364.96399pt x 251.13857pt.
 [24 <C:/MojeData/äkola/DP/Dokument/visio/auth.pdf>]
[25 <C:/MojeData/äkola/DP/Dokument/visio/auth_ldap.pdf>]
LaTeX Font Info:    Try loading font information for T1+aett on input line 471.


("C:\Program Files\MikTex\tex\latex\ae\t1aett.fd"
File: t1aett.fd 1997/11/16 Font definitions for T1/aett.
) [26] [27]
Kapitola 5.
[28

] [29] [30] [31]
Kapitola 6.
[32

] [33] [34] [35] [36]
Overfull \hbox (17.27571pt too wide) in paragraph at lines 737--739
[]\T1/aer/bx/n/12 addAccountExplicitly(Account ac-count, String password, Bundl
e
 []


Overfull \hbox (5.4796pt too wide) in paragraph at lines 741--743
[]\T1/aer/bx/n/12 setAuthToken(Account ac-count, String au-th-To-ken-Type, Stri
ng
 []


Overfull \hbox (12.82321pt too wide) in paragraph at lines 743--745
[]\T1/aer/bx/n/12 String:getPassword(Account ac-count)/setPassword(Account ac-
 []



pdfTeX warning: pdflatex (file C:/MojeData/äkola/DP/Dokument/visio/andauth.pdf)
: PDF inclusion: found PDF version <1.5>, but at most version <1.4> allowed
<visio/andauth.pdf, id=339, 569.87906pt x 569.87906pt>
File: visio/andauth.pdf Graphic file (type pdf)
 <use visio/andauth.pdf>
Package pdftex.def Info: visio/andauth.pdf used on input line 750.
(pdftex.def)             Requested size: 398.91261pt x 398.91261pt.

Overfull \hbox (8.91261pt too wide) in paragraph at lines 750--751
 [][] 
 []

[37] <scr/setting.png, id=346, 722.7pt x 1284.8pt>
File: scr/setting.png Graphic file (type png)
 <use scr/setting.png>
Package pdftex.def Info: scr/setting.png used on input line 759.
(pdftex.def)             Requested size: 146.25pt x 259.99414pt.

<scr/addacc.png, id=347, 722.7pt x 1284.8pt>
File: scr/addacc.png Graphic file (type png)
 <use scr/addacc.png>
Package pdftex.def Info: scr/addacc.png used on input line 765.
(pdftex.def)             Requested size: 146.25pt x 259.99414pt.
 [38 <C:/MojeData/äkola/DP/Dokument/visio/andauth.pdf>]
Underfull \hbox (badness 10000) in paragraph at lines 776--778

 []

[39 <C:/MojeData/äkola/DP/Dokument/scr/setting.png (PNG copy)> <C:/MojeData/äko
la/DP/Dokument/scr/addacc.png (PNG copy)>]
Overfull \hbox (5.541pt too wide) in paragraph at lines 783--785
\T1/aer/m/n/12 Zm•ny na-sta-venÌ se pro-v·-d•jÌ po-mocÌ \T1/aer/m/it/12 Sha-red
-Pre-fe-ren-ces.Editor \T1/aer/m/n/12 roz-hranÌ, kterÈ
 []


Underfull \hbox (badness 10000) in paragraph at lines 783--785

 []

[40] [41] [42]
Kapitola 7.
[43

]
Kapitola 8.
[44

] (C:\MojeData\äkola\DP\Dokument\diplomka.bbl [45

]
Overfull \hbox (118.23784pt too wide) in paragraph at lines 12--16
\T1/aer/m/n/12 URL \T1/aett/m/n/12 http://developer.android.com/reference/andro
id/accounts/AccountManager.html 
 []


Overfull \hbox (118.23784pt too wide) in paragraph at lines 18--22
\T1/aer/m/n/12 URL \T1/aett/m/n/12 http://www.oracle.com/technetwork/developer-
tools/forms/overview/index.html 
 []


Overfull \hbox (118.23784pt too wide) in paragraph at lines 24--27
\T1/aer/m/n/12 URL \T1/aett/m/n/12 http://www.oracle.com/technetwork/developer-
tools/forms/overview/index.html 
 []

) [46

]
P\v {r}\'{\i }loha A.
<scr/time_doch.png, id=382, 722.7pt x 1284.8pt>
File: scr/time_doch.png Graphic file (type png)
 <use scr/time_doch.png>
Package pdftex.def Info: scr/time_doch.png used on input line 872.
(pdftex.def)             Requested size: 216.81166pt x 385.44298pt.

<scr/graf_doch.png, id=383, 1284.8pt x 722.7pt>
File: scr/graf_doch.png Graphic file (type png)
 <use scr/graf_doch.png>
Package pdftex.def Info: scr/graf_doch.png used on input line 878.
(pdftex.def)             Requested size: 385.44298pt x 216.81166pt.

[47

 <C:/MojeData/äkola/DP/Dokument/scr/time_doch.png (PNG copy)>]
<scr/ucet.png, id=387, 722.7pt x 1284.8pt>
File: scr/ucet.png Graphic file (type png)
 <use scr/ucet.png>
Package pdftex.def Info: scr/ucet.png used on input line 884.
(pdftex.def)             Requested size: 216.81166pt x 385.44298pt.
 [48 <C:/MojeData/äkola/DP/Dokument/scr/graf_doch.png (PNG copy)>]
<scr/network.png, id=391, 722.7pt x 1284.8pt>
File: scr/network.png Graphic file (type png)
 <use scr/network.png>
Package pdftex.def Info: scr/network.png used on input line 890.
(pdftex.def)             Requested size: 216.81166pt x 385.44298pt.
 [49 <C:/MojeData/äkola/DP/Dokument/scr/ucet.png (PNG copy)>] [50 <C:/MojeData/
äkola/DP/Dokument/scr/network.png (PNG copy)>]
P\v {r}\'{\i }loha B.
[51

] (C:\MojeData\äkola\DP\Dokument\diplomka.aux)

LaTeX Font Warning: Size substitutions with differences
(Font)              up to 1.28pt have occurred.


LaTeX Warning: There were multiply-defined labels.

 ) 
Here is how much of TeX's memory you used:
 5669 strings out of 495324
 77976 string characters out of 3182598
 176733 words of memory out of 3000000
 8739 multiletter control sequences out of 15000+200000
 46782 words of font info for 93 fonts, out of 3000000 for 9000
 5 hyphenation exceptions out of 8191
 36i,16n,43p,982b,1813s stack positions out of 5000i,500n,10000p,200000b,50000s
<C:/Program Files/MikTex/fonts/type1/public/amsfonts/cm/cmbx12.pfb><C:/Progra
m Files/MikTex/fonts/type1/public/amsfonts/cm/cmmi12.pfb><C:/Program Files/MikT
ex/fonts/type1/public/amsfonts/cm/cmr10.pfb><C:/Program Files/MikTex/fonts/type
1/public/amsfonts/cm/cmr12.pfb><C:/Program Files/MikTex/fonts/type1/public/amsf
onts/cm/cmr17.pfb><C:/Program Files/MikTex/fonts/type1/public/amsfonts/cm/cmsy1
0.pfb><C:/Program Files/MikTex/fonts/type1/public/amsfonts/cm/cmti12.pfb><C:/Pr
ogram Files/MikTex/fonts/type1/public/amsfonts/cm/cmtt12.pfb>
Output written on diplomka.pdf (57 pages, 1552933 bytes).
PDF statistics:
 430 PDF objects out of 1000 (max. 8388607)
 0 named destinations out of 1000 (max. 500000)
 106 words of extra memory for PDF output out of 10000 (max. 10000000)

